0 info it worked if it ends with ok
1 verbose cli [ 'd:\\nodejs\\node.exe',
1 verbose cli   'd:\\nodejs\\node_modules\\npm\\bin\\npm-cli.js',
1 verbose cli   'install' ]
2 info using npm@1.4.28
3 info using node@v0.10.32
4 verbose readDependencies using package.json deps
5 verbose install where, deps [ 'd:\\ws-charts',
5 verbose install   [ 'express',
5 verbose install     'body-parser',
5 verbose install     'cookie-parser',
5 verbose install     'morgan',
5 verbose install     'serve-favicon',
5 verbose install     'debug',
5 verbose install     'jade',
5 verbose install     'async',
5 verbose install     'underscore',
5 verbose install     'mysql',
5 verbose install     'moment',
5 verbose install     'redis',
5 verbose install     'redis-client-ch',
5 verbose install     'node-supervisor' ] ]
6 info preinstall ws-charts@0.0.0
7 verbose readDependencies using package.json deps
8 verbose already installed skipping express@~4.9.0 d:\ws-charts
9 verbose already installed skipping body-parser@~1.8.1 d:\ws-charts
10 verbose already installed skipping cookie-parser@~1.3.3 d:\ws-charts
11 verbose already installed skipping morgan@~1.3.0 d:\ws-charts
12 verbose already installed skipping serve-favicon@~2.1.3 d:\ws-charts
13 verbose already installed skipping debug@~2.0.0 d:\ws-charts
14 verbose already installed skipping jade@~1.6.0 d:\ws-charts
15 verbose already installed skipping async@0.9.0 d:\ws-charts
16 verbose already installed skipping underscore@1.7.0 d:\ws-charts
17 verbose already installed skipping mysql@2.5.0 d:\ws-charts
18 verbose already installed skipping moment@2.8.3 d:\ws-charts
19 verbose cache add [ 'redis@0.11.0', null ]
20 verbose cache add name=undefined spec="redis@0.11.0" args=["redis@0.11.0",null]
21 verbose parsed url { protocol: null,
21 verbose parsed url   slashes: null,
21 verbose parsed url   auth: null,
21 verbose parsed url   host: null,
21 verbose parsed url   port: null,
21 verbose parsed url   hostname: null,
21 verbose parsed url   hash: null,
21 verbose parsed url   search: null,
21 verbose parsed url   query: null,
21 verbose parsed url   pathname: 'redis@0.11.0',
21 verbose parsed url   path: 'redis@0.11.0',
21 verbose parsed url   href: 'redis@0.11.0' }
22 verbose cache add [ 'redis-client-ch@0.0.7', null ]
23 verbose cache add name=undefined spec="redis-client-ch@0.0.7" args=["redis-client-ch@0.0.7",null]
24 verbose parsed url { protocol: null,
24 verbose parsed url   slashes: null,
24 verbose parsed url   auth: null,
24 verbose parsed url   host: null,
24 verbose parsed url   port: null,
24 verbose parsed url   hostname: null,
24 verbose parsed url   hash: null,
24 verbose parsed url   search: null,
24 verbose parsed url   query: null,
24 verbose parsed url   pathname: 'redis-client-ch@0.0.7',
24 verbose parsed url   path: 'redis-client-ch@0.0.7',
24 verbose parsed url   href: 'redis-client-ch@0.0.7' }
25 verbose cache add [ 'node-supervisor@0.6.0', null ]
26 verbose cache add name=undefined spec="node-supervisor@0.6.0" args=["node-supervisor@0.6.0",null]
27 verbose parsed url { protocol: null,
27 verbose parsed url   slashes: null,
27 verbose parsed url   auth: null,
27 verbose parsed url   host: null,
27 verbose parsed url   port: null,
27 verbose parsed url   hostname: null,
27 verbose parsed url   hash: null,
27 verbose parsed url   search: null,
27 verbose parsed url   query: null,
27 verbose parsed url   pathname: 'node-supervisor@0.6.0',
27 verbose parsed url   path: 'node-supervisor@0.6.0',
27 verbose parsed url   href: 'node-supervisor@0.6.0' }
28 verbose cache add name="redis" spec="0.11.0" args=["redis","0.11.0"]
29 verbose parsed url { protocol: null,
29 verbose parsed url   slashes: null,
29 verbose parsed url   auth: null,
29 verbose parsed url   host: null,
29 verbose parsed url   port: null,
29 verbose parsed url   hostname: null,
29 verbose parsed url   hash: null,
29 verbose parsed url   search: null,
29 verbose parsed url   query: null,
29 verbose parsed url   pathname: '0.11.0',
29 verbose parsed url   path: '0.11.0',
29 verbose parsed url   href: '0.11.0' }
30 verbose addNamed [ 'redis', '0.11.0' ]
31 verbose addNamed [ '0.11.0', '0.11.0' ]
32 verbose cache add name="redis-client-ch" spec="0.0.7" args=["redis-client-ch","0.0.7"]
33 verbose parsed url { protocol: null,
33 verbose parsed url   slashes: null,
33 verbose parsed url   auth: null,
33 verbose parsed url   host: null,
33 verbose parsed url   port: null,
33 verbose parsed url   hostname: null,
33 verbose parsed url   hash: null,
33 verbose parsed url   search: null,
33 verbose parsed url   query: null,
33 verbose parsed url   pathname: '0.0.7',
33 verbose parsed url   path: '0.0.7',
33 verbose parsed url   href: '0.0.7' }
34 verbose addNamed [ 'redis-client-ch', '0.0.7' ]
35 verbose addNamed [ '0.0.7', '0.0.7' ]
36 verbose cache add name="node-supervisor" spec="0.6.0" args=["node-supervisor","0.6.0"]
37 verbose parsed url { protocol: null,
37 verbose parsed url   slashes: null,
37 verbose parsed url   auth: null,
37 verbose parsed url   host: null,
37 verbose parsed url   port: null,
37 verbose parsed url   hostname: null,
37 verbose parsed url   hash: null,
37 verbose parsed url   search: null,
37 verbose parsed url   query: null,
37 verbose parsed url   pathname: '0.6.0',
37 verbose parsed url   path: '0.6.0',
37 verbose parsed url   href: '0.6.0' }
38 verbose addNamed [ 'node-supervisor', '0.6.0' ]
39 verbose addNamed [ '0.6.0', '0.6.0' ]
40 silly lockFile e8d414de-redis-0-11-0 redis@0.11.0
41 verbose lock redis@0.11.0 C:\Users\cai\AppData\Roaming\npm-cache\e8d414de-redis-0-11-0.lock
42 silly lockFile ca77ec5d-redis-client-ch-0-0-7 redis-client-ch@0.0.7
43 verbose lock redis-client-ch@0.0.7 C:\Users\cai\AppData\Roaming\npm-cache\ca77ec5d-redis-client-ch-0-0-7.lock
44 silly lockFile f5494449-node-supervisor-0-6-0 node-supervisor@0.6.0
45 verbose lock node-supervisor@0.6.0 C:\Users\cai\AppData\Roaming\npm-cache\f5494449-node-supervisor-0-6-0.lock
46 verbose request where is /node-supervisor
47 verbose request registry https://registry.npmjs.org/
48 verbose request id cd5dc1b88b40c4d6
49 verbose url raw /node-supervisor
50 verbose url resolving [ 'https://registry.npmjs.org/', './node-supervisor' ]
51 verbose url resolved https://registry.npmjs.org/node-supervisor
52 verbose request where is https://registry.npmjs.org/node-supervisor
53 info trying registry request attempt 1 at 13:35:43
54 http GET https://registry.npmjs.org/node-supervisor
55 verbose request where is /redis-client-ch
56 verbose request registry https://registry.npmjs.org/
57 verbose url raw /redis-client-ch
58 verbose url resolving [ 'https://registry.npmjs.org/', './redis-client-ch' ]
59 verbose url resolved https://registry.npmjs.org/redis-client-ch
60 verbose request where is https://registry.npmjs.org/redis-client-ch
61 info trying registry request attempt 1 at 13:35:43
62 verbose etag "8CF4N55INMUHEMFRMBVNE8Z6I"
63 http GET https://registry.npmjs.org/redis-client-ch
64 verbose request where is /redis
65 verbose request registry https://registry.npmjs.org/
66 verbose url raw /redis
67 verbose url resolving [ 'https://registry.npmjs.org/', './redis' ]
68 verbose url resolved https://registry.npmjs.org/redis
69 verbose request where is https://registry.npmjs.org/redis
70 info trying registry request attempt 1 at 13:35:43
71 verbose etag "98BSI29DVS5HN6S5FYLMAT07G"
72 http GET https://registry.npmjs.org/redis
73 http 304 https://registry.npmjs.org/redis
74 silly registry.get cb [ 304,
74 silly registry.get   { date: 'Mon, 17 Nov 2014 05:35:59 GMT',
74 silly registry.get     server: 'Apache',
74 silly registry.get     via: '1.1 varnish',
74 silly registry.get     'last-modified': 'Mon, 17 Nov 2014 05:35:59 GMT',
74 silly registry.get     'cache-control': 'max-age=60',
74 silly registry.get     etag: '"98BSI29DVS5HN6S5FYLMAT07G"',
74 silly registry.get     age: '0',
74 silly registry.get     'x-served-by': 'cache-ty67-TYO',
74 silly registry.get     'x-cache': 'HIT',
74 silly registry.get     'x-cache-hits': '1',
74 silly registry.get     'x-timer': 'S1416202559.463972,VS0,VE116',
74 silly registry.get     vary: 'Accept',
74 silly registry.get     'content-length': '0',
74 silly registry.get     'keep-alive': 'timeout=10, max=50',
74 silly registry.get     connection: 'Keep-Alive' } ]
75 verbose etag https://registry.npmjs.org/redis from cache
76 silly lockFile e8d414de-redis-0-11-0 redis@0.11.0
77 silly lockFile e8d414de-redis-0-11-0 redis@0.11.0
78 http 304 https://registry.npmjs.org/redis-client-ch
79 silly registry.get cb [ 304,
79 silly registry.get   { date: 'Mon, 17 Nov 2014 05:35:59 GMT',
79 silly registry.get     server: 'Apache',
79 silly registry.get     via: '1.1 varnish',
79 silly registry.get     'last-modified': 'Mon, 17 Nov 2014 05:35:59 GMT',
79 silly registry.get     'cache-control': 'max-age=60',
79 silly registry.get     etag: '"8CF4N55INMUHEMFRMBVNE8Z6I"',
79 silly registry.get     age: '0',
79 silly registry.get     'x-served-by': 'cache-ty66-TYO',
79 silly registry.get     'x-cache': 'MISS',
79 silly registry.get     'x-cache-hits': '0',
79 silly registry.get     'x-timer': 'S1416202559.464208,VS0,VE344',
79 silly registry.get     vary: 'Accept',
79 silly registry.get     'content-length': '0',
79 silly registry.get     'keep-alive': 'timeout=10, max=50',
79 silly registry.get     connection: 'Keep-Alive' } ]
80 verbose etag https://registry.npmjs.org/redis-client-ch from cache
81 silly lockFile ca77ec5d-redis-client-ch-0-0-7 redis-client-ch@0.0.7
82 silly lockFile ca77ec5d-redis-client-ch-0-0-7 redis-client-ch@0.0.7
83 http 404 https://registry.npmjs.org/node-supervisor
84 verbose headers { date: 'Mon, 17 Nov 2014 05:36:00 GMT',
84 verbose headers   server: 'CouchDB/1.5.0 (Erlang OTP/R16B03)',
84 verbose headers   'content-type': 'application/json',
84 verbose headers   'cache-control': 'max-age=0',
84 verbose headers   'content-length': '52',
84 verbose headers   'accept-ranges': 'bytes',
84 verbose headers   via: '1.1 varnish',
84 verbose headers   age: '0',
84 verbose headers   'x-served-by': 'cache-ty68-TYO',
84 verbose headers   'x-cache': 'MISS',
84 verbose headers   'x-cache-hits': '0',
84 verbose headers   'x-timer': 'S1416202559.465501,VS0,VE699',
84 verbose headers   'keep-alive': 'timeout=10, max=50',
84 verbose headers   connection: 'Keep-Alive' }
85 silly registry.get cb [ 404,
85 silly registry.get   { date: 'Mon, 17 Nov 2014 05:36:00 GMT',
85 silly registry.get     server: 'CouchDB/1.5.0 (Erlang OTP/R16B03)',
85 silly registry.get     'content-type': 'application/json',
85 silly registry.get     'cache-control': 'max-age=0',
85 silly registry.get     'content-length': '52',
85 silly registry.get     'accept-ranges': 'bytes',
85 silly registry.get     via: '1.1 varnish',
85 silly registry.get     age: '0',
85 silly registry.get     'x-served-by': 'cache-ty68-TYO',
85 silly registry.get     'x-cache': 'MISS',
85 silly registry.get     'x-cache-hits': '0',
85 silly registry.get     'x-timer': 'S1416202559.465501,VS0,VE699',
85 silly registry.get     'keep-alive': 'timeout=10, max=50',
85 silly registry.get     connection: 'Keep-Alive' } ]
86 silly lockFile f5494449-node-supervisor-0-6-0 node-supervisor@0.6.0
87 silly lockFile f5494449-node-supervisor-0-6-0 node-supervisor@0.6.0
88 error 404 404 Not Found: node-supervisor
88 error 404
88 error 404 'node-supervisor' is not in the npm registry.
88 error 404 You should bug the author to publish it
88 error 404 It was specified as a dependency of 'ws-charts'
88 error 404
88 error 404 Maybe try 'npm search supervisor'
88 error 404
88 error 404 Note that you can also install from a
88 error 404 tarball, folder, or http url, or git url.
89 error System Windows_NT 6.2.9200
90 error command "d:\\nodejs\\node.exe" "d:\\nodejs\\node_modules\\npm\\bin\\npm-cli.js" "install"
91 error cwd d:\ws-charts
92 error node -v v0.10.32
93 error npm -v 1.4.28
94 error code E404
95 verbose exit [ 1, true ]
